<?xml version="1.0" encoding="UTF-8"?>
<testsuite name="fi.project.petcare.ExampleUnitTest" tests="1" skipped="0" failures="0" errors="0" timestamp="2025-09-03T11:46:40" hostname="Rasula.local" time="0.004">
  <properties/>
  <testcase name="addition_isCorrect" classname="fi.project.petcare.ExampleUnitTest" time="0.004"/>
  <system-out><![CDATA[]]></system-out>
  <system-err><![CDATA[]]></system-err>
</testsuite>
