<?xml version='1.0' encoding='UTF-8' ?>
<testsuite name="fi.project.petcare.ExampleInstrumentedTest" tests="1" failures="0" errors="0" skipped="0" time="1.316" timestamp="2025-09-02T15:47:53" hostname="localhost">
  <properties>
    <property name="device" value="Pixel_6_Pro_API_33(AVD) - 12" />
    <property name="flavor" value="" />
    <property name="project" value=":app" />
  </properties>
  <testcase name="useAppContext" classname="fi.project.petcare.ExampleInstrumentedTest" time="0.019" />
</testsuite>